d:\github\codingchallenges\challenge1\x64\debug\gtest.pdb
d:\github\codingchallenges\challenge1\x64\debug\gtest_main.pdb
d:\github\codingchallenges\challenge1\challenge1\x64\debug\vc143.pdb
d:\github\codingchallenges\challenge1\challenge1\x64\debug\test.obj
d:\github\codingchallenges\challenge1\challenge1\x64\debug\pch.obj
d:\github\codingchallenges\challenge1\challenge1\x64\debug\challenge1.pch
d:\github\codingchallenges\challenge1\x64\debug\challenge1.pdb
d:\github\codingchallenges\challenge1\challenge1\x64\debug\challenge1.tlog\copylocal.read.1u.tlog
d:\github\codingchallenges\challenge1\challenge1\x64\debug\challenge1.tlog\copylocal.write.1u.tlog
d:\github\codingchallenges\challenge1\challenge1\x64\debug\challenge1.tlog\cl.read.1.tlog
d:\github\codingchallenges\challenge1\challenge1\x64\debug\challenge1.tlog\cl.write.1.tlog
d:\github\codingchallenges\challenge1\challenge1\x64\debug\challenge1.tlog\cl.command.1.tlog
d:\github\codingchallenges\challenge1\challenge1\x64\debug\challenge1.tlog\link.read.2.tlog
d:\github\codingchallenges\challenge1\challenge1\x64\debug\challenge1.tlog\link.write.1.tlog
d:\github\codingchallenges\challenge1\challenge1\x64\debug\challenge1.tlog\link.command.1.tlog
d:\github\codingchallenges\challenge1\challenge1\x64\debug\challenge1.tlog\link.20100-rc.read.1.tlog
d:\github\codingchallenges\challenge1\challenge1\x64\debug\challenge1.tlog\link.20100-rc.write.1.tlog
d:\github\codingchallenges\challenge1\challenge1\x64\debug\challenge1.tlog\link.20100-cvtres.read.1.tlog
d:\github\codingchallenges\challenge1\challenge1\x64\debug\challenge1.tlog\link.20100-cvtres.write.1.tlog
d:\github\codingchallenges\challenge1\challenge1\x64\debug\challenge1.tlog\link.20100.read.3.tlog
d:\github\codingchallenges\challenge1\challenge1\x64\debug\challenge1.tlog\link.20100.read.1.tlog
d:\github\codingchallenges\challenge1\challenge1\x64\debug\challenge1.tlog\link.20100.write.1.tlog
d:\github\codingchallenges\challenge1\challenge1\x64\debug\challenge1.tlog\link.read.1.tlog
d:\github\codingchallenges\challenge1\challenge1\x64\debug\challenge1.tlog\link-rc.read.1.tlog
d:\github\codingchallenges\challenge1\challenge1\x64\debug\challenge1.tlog\link-rc.write.1.tlog
d:\github\codingchallenges\challenge1\challenge1\x64\debug\challenge1.tlog\link-cvtres.read.1.tlog
d:\github\codingchallenges\challenge1\challenge1\x64\debug\challenge1.tlog\link-cvtres.write.1.tlog
